<?xml version="1.0" encoding="UTF-8" ?>
<testsuite tests="9" failures="1" name="com.nopcommerce.qa.testpages.HomePageTest" time="182.322" errors="0" skipped="8">
  <properties>
[...]
</properties>
  <testcase classname="com.nopcommerce.qa.testpages.HomePageTest" name="setUp" time="20.258">
    <failure message="Browsing context has been discarded
Build info: version: &apos;3.141.59&apos;, revision: &apos;e82be7d358&apos;, time: &apos;2018-11-14T08:17:03&apos;
System info: host: &apos;LAPTOP-T2D0RNDH&apos;, ip: &apos;192.168.31.114&apos;, os.name: &apos;Windows 10&apos;, os.arch: &apos;amd64&apos;, os.version: &apos;10.0&apos;, java.version: &apos;1.8.0_191&apos;
Driver info: org.openqa.selenium.firefox.FirefoxDriver
Capabilities {acceptInsecureCerts: true, browserName: firefox, browserVersion: 66.0.3, javascriptEnabled: true, moz:accessibilityChecks: false, moz:geckodriverVersion: 0.24.0, moz:headless: false, moz:processID: 28024, moz:profile: C:\Users\Lenovo\AppData\Loc..., moz:shutdownTimeout: 60000, moz:useNonSpecCompliantPointerOrigin: false, moz:webdriverClick: true, pageLoadStrategy: normal, platform: WINDOWS, platformName: WINDOWS, platformVersion: 10.0, rotatable: false, setWindowRect: true, strictFileInteractability: false, timeouts: {implicit: 0, pageLoad: 300000, script: 30000}, unhandledPromptBehavior: dismiss and notify}
Session ID: 707ee10d-e7c3-45af-a30b-c96c495f3949" type="org.openqa.selenium.NoSuchWindowException">org.openqa.selenium.NoSuchWindowException: Browsing context has been discarded
Build info: version: &apos;3.141.59&apos;, revision: &apos;e82be7d358&apos;, time: &apos;2018-11-14T08:17:03&apos;
System info: host: &apos;LAPTOP-T2D0RNDH&apos;, ip: &apos;192.168.31.114&apos;, os.name: &apos;Windows 10&apos;, os.arch: &apos;amd64&apos;, os.version: &apos;10.0&apos;, java.version: &apos;1.8.0_191&apos;
Driver info: org.openqa.selenium.firefox.FirefoxDriver
Capabilities {acceptInsecureCerts: true, browserName: firefox, browserVersion: 66.0.3, javascriptEnabled: true, moz:accessibilityChecks: false, moz:geckodriverVersion: 0.24.0, moz:headless: false, moz:processID: 28024, moz:profile: C:\Users\Lenovo\AppData\Loc..., moz:shutdownTimeout: 60000, moz:useNonSpecCompliantPointerOrigin: false, moz:webdriverClick: true, pageLoadStrategy: normal, platform: WINDOWS, platformName: WINDOWS, platformVersion: 10.0, rotatable: false, setWindowRect: true, strictFileInteractability: false, timeouts: {implicit: 0, pageLoad: 300000, script: 30000}, unhandledPromptBehavior: dismiss and notify}
Session ID: 707ee10d-e7c3-45af-a30b-c96c495f3949
	at sun.reflect.NativeConstructorAccessorImpl.newInstance0(Native Method)
	at sun.reflect.NativeConstructorAccessorImpl.newInstance(NativeConstructorAccessorImpl.java:62)
	at sun.reflect.DelegatingConstructorAccessorImpl.newInstance(DelegatingConstructorAccessorImpl.java:45)
	at java.lang.reflect.Constructor.newInstance(Constructor.java:423)
	at org.openqa.selenium.remote.http.W3CHttpResponseCodec.createException(W3CHttpResponseCodec.java:187)
	at org.openqa.selenium.remote.http.W3CHttpResponseCodec.decode(W3CHttpResponseCodec.java:122)
	at org.openqa.selenium.remote.http.W3CHttpResponseCodec.decode(W3CHttpResponseCodec.java:49)
	at org.openqa.selenium.remote.HttpCommandExecutor.execute(HttpCommandExecutor.java:158)
	at org.openqa.selenium.remote.service.DriverCommandExecutor.execute(DriverCommandExecutor.java:83)
	at org.openqa.selenium.remote.RemoteWebDriver.execute(RemoteWebDriver.java:552)
	at org.openqa.selenium.remote.RemoteWebDriver.execute(RemoteWebDriver.java:609)
	at org.openqa.selenium.remote.RemoteWebDriver$RemoteWebDriverOptions$RemoteWindow.maximize(RemoteWebDriver.java:837)
	at com.nopcommerce.qa.base.TestBase.initialization(TestBase.java:94)
	at com.nopcommerce.qa.testpages.HomePageTest.setUp(HomePageTest.java:22)
</failure>
    <system-out>Configuring TestNG with: org.apache.maven.surefire.testng.conf.TestNG652Configurator@6f2b958e
04-21-2019 11:13:16 TestBase.java INFO  [main] base.TestBase 87 - ***************Configure firefox browser for launching******************
04-21-2019 11:13:34 TestBase.java INFO  [main] base.TestBase 92 - **********Maximizing the window
04-21-2019 11:13:34 TestBase.java DEBUG [main] base.TestBase 93 - ************Testing window miximize or not*******
</system-out>
    <system-err>1555825397848	mozrunner::runner	INFO	Running command: &quot;C:\\Program Files\\Mozilla Firefox\\firefox.exe&quot; &quot;-marionette&quot; &quot;-foreground&quot; &quot;-no-remote&quot; &quot;-profile&quot; &quot;C:\\Users\\Lenovo\\AppData\\Local\\Temp\\rust_mozprofile.wEuPhSITDDjN&quot;
1555825400581	addons.webextension.screenshots@mozilla.org	WARN	Loading extension &apos;screenshots@mozilla.org&apos;: Reading manifest: Invalid extension permission: mozillaAddons
1555825400582	addons.webextension.screenshots@mozilla.org	WARN	Loading extension &apos;screenshots@mozilla.org&apos;: Reading manifest: Invalid extension permission: resource://pdf.js/
1555825400582	addons.webextension.screenshots@mozilla.org	WARN	Loading extension &apos;screenshots@mozilla.org&apos;: Reading manifest: Invalid extension permission: about:reader*
1555825414154	Marionette	INFO	Listening on port 51316
[Child 27176, Chrome_ChildThread] WARNING: pipe error: 109: file z:/build/build/src/ipc/chromium/src/chrome/common/ipc_channel_win.cc, line 332
[Child 27176, 1555825414215	Marionette	WARN	TLS certificate errors will be ignored for this session
Apr 21, 2019 11:13:34 AM org.openqa.selenium.remote.ProtocolHandshake createSession
INFO: Detected dialect: W3C
[Child 19208, Chrome_ChildThread] WARNING: pipe error: 109: file z:/build/build/src/ipc/chromium/src/chrome/common/ipc_channel_win.cc, line 332
</system-err>
  </testcase>
  <testcase classname="com.nopcommerce.qa.testpages.HomePageTest" name="verifyPageTitleTest" time="20.258">
    <skipped/>
  </testcase>
  <testcase classname="com.nopcommerce.qa.testpages.HomePageTest" name="tearDown" time="20.258">
    <skipped/>
  </testcase>
  <testcase classname="com.nopcommerce.qa.testpages.HomePageTest" name="tearDown" time="20.258">
    <skipped/>
  </testcase>
  <testcase classname="com.nopcommerce.qa.testpages.HomePageTest" name="setUp" time="20.258">
    <skipped/>
  </testcase>
  <testcase classname="com.nopcommerce.qa.testpages.HomePageTest" name="verifyclickOnComputerLinkTest" time="20.258">
    <skipped/>
  </testcase>
  <testcase classname="com.nopcommerce.qa.testpages.HomePageTest" name="tearDown" time="20.258">
    <skipped/>
  </testcase>
  <testcase classname="com.nopcommerce.qa.testpages.HomePageTest" name="tearDown" time="20.258">
    <skipped/>
  </testcase>
  <testcase classname="com.nopcommerce.qa.testpages.HomePageTest" name="endReport" time="20.258">
    <skipped/>
  </testcase>
</testsuite>