<?xml version="1.0" encoding="UTF-8"?>
<!-- Generated by org.testng.reporters.JUnitXMLReporter -->
<testsuite hostname="LAPTOP-T2D0RNDH" ignored="0" name="Test" tests="2" failures="0" timestamp="20 Apr 2019 16:20:26 GMT" time="33.611" errors="0">
  <testcase name="verifyPageTitleTest" time="0.051" classname="com.nopcommerce.qa.testpages.HomePageTest"/>
  <testcase name="verifyclickOnComputerLinkTest" time="1.796" classname="com.nopcommerce.qa.testpages.HomePageTest"/>
</testsuite> <!-- Test -->
