<?xml version="1.0" encoding="UTF-8"?>
<!-- Generated by org.testng.reporters.JUnitXMLReporter -->
<testsuite hostname="LAPTOP-T2D0RNDH" ignored="0" name="Default test" tests="3" failures="0" timestamp="21 Apr 2019 07:09:55 GMT" time="58.72" errors="0">
  <testcase name="verufyUrlLogo" time="0.466" classname="com.nopcommerce.qa.testpages.HomePageTest"/>
  <testcase name="verifyPageTitleTest" time="0.034" classname="com.nopcommerce.qa.testpages.HomePageTest"/>
  <testcase name="verifyclickOnComputerLinkTest" time="2.657" classname="com.nopcommerce.qa.testpages.HomePageTest"/>
</testsuite> <!-- Default test -->
